app/build/intermediates/manifest_merge_blame_file/release/processReleaseMainManifest/manifest-merger-blame-release-report.txt
1<?xml version="1.0" encoding="utf-8"?>
2<manifest xmlns:android="http://schemas.android.com/apk/res/android"
3    package="com.cryptika.messenger"
4    android:versionCode="1"
5    android:versionName="1.0.0" >
6
7    <uses-sdk
8        android:minSdkVersion="26"
9        android:targetSdkVersion="34" />
10
11    <!-- Networking -->
12    <uses-permission android:name="android.permission.INTERNET" />
12-->src\main\AndroidManifest.xml:6:5-66
12-->src\main\AndroidManifest.xml:6:22-64
13    <uses-permission android:name="android.permission.ACCESS_NETWORK_STATE" />
13-->src\main\AndroidManifest.xml:7:5-78
13-->src\main\AndroidManifest.xml:7:22-76
14
15    <!-- Camera for QR scanning -->
16    <uses-permission android:name="android.permission.CAMERA" />
16-->src\main\AndroidManifest.xml:10:5-64
16-->src\main\AndroidManifest.xml:10:22-62
17
18    <uses-feature
18-->src\main\AndroidManifest.xml:11:5-84
19        android:name="android.hardware.camera"
19-->src\main\AndroidManifest.xml:11:19-57
20        android:required="false" />
20-->src\main\AndroidManifest.xml:11:58-82
21
22    <!-- WorkManager -->
23    <uses-permission android:name="android.permission.WAKE_LOCK" />
23-->src\main\AndroidManifest.xml:14:5-67
23-->src\main\AndroidManifest.xml:14:22-65
24    <uses-permission android:name="android.permission.RECEIVE_BOOT_COMPLETED" />
24-->src\main\AndroidManifest.xml:15:5-80
24-->src\main\AndroidManifest.xml:15:22-78
25
26    <!-- Vibrate for notifications -->
27    <uses-permission android:name="android.permission.VIBRATE" />
27-->src\main\AndroidManifest.xml:18:5-65
27-->src\main\AndroidManifest.xml:18:22-63
28
29    <!-- Foreground service: keeps WebSocket connections alive in background -->
30    <uses-permission android:name="android.permission.FOREGROUND_SERVICE" />
30-->src\main\AndroidManifest.xml:21:5-76
30-->src\main\AndroidManifest.xml:21:22-74
31    <!-- API 34: required for foreground service type "remoteMessaging" -->
32    <uses-permission android:name="android.permission.FOREGROUND_SERVICE_REMOTE_MESSAGING" />
32-->src\main\AndroidManifest.xml:23:5-93
32-->src\main\AndroidManifest.xml:23:22-91
33    <!-- API 34: required for foreground service type "microphone" (voice calls) -->
34    <uses-permission android:name="android.permission.FOREGROUND_SERVICE_MICROPHONE" />
34-->src\main\AndroidManifest.xml:25:5-87
34-->src\main\AndroidManifest.xml:25:22-85
35
36    <!-- Notifications (API 33+ requires runtime permission) -->
37    <uses-permission android:name="android.permission.POST_NOTIFICATIONS" />
37-->src\main\AndroidManifest.xml:28:5-76
37-->src\main\AndroidManifest.xml:28:22-74
38
39    <!-- Voice calls: microphone capture and audio mode control -->
40    <uses-permission android:name="android.permission.RECORD_AUDIO" />
40-->src\main\AndroidManifest.xml:31:5-70
40-->src\main\AndroidManifest.xml:31:22-68
41    <uses-permission android:name="android.permission.BLUETOOTH_CONNECT" />
41-->src\main\AndroidManifest.xml:32:5-75
41-->src\main\AndroidManifest.xml:32:22-73
42    <uses-permission android:name="android.permission.MODIFY_AUDIO_SETTINGS" />
42-->src\main\AndroidManifest.xml:33:5-79
42-->src\main\AndroidManifest.xml:33:22-77
43
44    <permission
44-->[androidx.core:core:1.12.0] AndroidManifest.xml:22:5-24:47
45        android:name="com.cryptika.messenger.DYNAMIC_RECEIVER_NOT_EXPORTED_PERMISSION"
45-->[androidx.core:core:1.12.0] AndroidManifest.xml:23:9-81
46        android:protectionLevel="signature" />
46-->[androidx.core:core:1.12.0] AndroidManifest.xml:24:9-44
47
48    <uses-permission android:name="com.cryptika.messenger.DYNAMIC_RECEIVER_NOT_EXPORTED_PERMISSION" />
48-->[androidx.core:core:1.12.0] AndroidManifest.xml:26:5-97
48-->[androidx.core:core:1.12.0] AndroidManifest.xml:26:22-94
49
50    <uses-feature
50-->[com.journeyapps:zxing-android-embedded:4.3.0] AndroidManifest.xml:28:5-30:36
51        android:name="android.hardware.camera.front"
51-->[com.journeyapps:zxing-android-embedded:4.3.0] AndroidManifest.xml:29:9-53
52        android:required="false" /> <!-- TODO replace above two with next line after Android 4.2 -->
52-->[com.journeyapps:zxing-android-embedded:4.3.0] AndroidManifest.xml:30:9-33
53    <!-- <uses-feature android:name="android.hardware.camera.any"/> -->
54    <uses-feature
54-->[com.journeyapps:zxing-android-embedded:4.3.0] AndroidManifest.xml:33:5-35:36
55        android:name="android.hardware.camera.autofocus"
55-->[com.journeyapps:zxing-android-embedded:4.3.0] AndroidManifest.xml:34:9-57
56        android:required="false" />
56-->[com.journeyapps:zxing-android-embedded:4.3.0] AndroidManifest.xml:35:9-33
57    <uses-feature
57-->[com.journeyapps:zxing-android-embedded:4.3.0] AndroidManifest.xml:36:5-38:36
58        android:name="android.hardware.camera.flash"
58-->[com.journeyapps:zxing-android-embedded:4.3.0] AndroidManifest.xml:37:9-53
59        android:required="false" />
59-->[com.journeyapps:zxing-android-embedded:4.3.0] AndroidManifest.xml:38:9-33
60    <uses-feature
60-->[com.journeyapps:zxing-android-embedded:4.3.0] AndroidManifest.xml:39:5-41:36
61        android:name="android.hardware.screen.landscape"
61-->[com.journeyapps:zxing-android-embedded:4.3.0] AndroidManifest.xml:40:9-57
62        android:required="false" />
62-->[com.journeyapps:zxing-android-embedded:4.3.0] AndroidManifest.xml:41:9-33
63    <uses-feature
63-->[com.journeyapps:zxing-android-embedded:4.3.0] AndroidManifest.xml:42:5-44:36
64        android:name="android.hardware.wifi"
64-->[com.journeyapps:zxing-android-embedded:4.3.0] AndroidManifest.xml:43:9-45
65        android:required="false" />
65-->[com.journeyapps:zxing-android-embedded:4.3.0] AndroidManifest.xml:44:9-33
66
67    <application
68        android:name="com.cryptika.messenger.CryptikaApp"
68-->src\main\AndroidManifest.xml:36:9-36
69        android:allowBackup="false"
69-->src\main\AndroidManifest.xml:37:9-36
70        android:appComponentFactory="androidx.core.app.CoreComponentFactory"
70-->[androidx.core:core:1.12.0] AndroidManifest.xml:28:18-86
71        android:dataExtractionRules="@xml/data_extraction_rules"
71-->src\main\AndroidManifest.xml:38:9-65
72        android:extractNativeLibs="false"
73        android:fullBackupContent="false"
73-->src\main\AndroidManifest.xml:39:9-42
74        android:hardwareAccelerated="true"
74-->src\main\AndroidManifest.xml:45:9-43
75        android:icon="@mipmap/ic_launcher"
75-->src\main\AndroidManifest.xml:41:9-43
76        android:label="Cryptika"
76-->src\main\AndroidManifest.xml:40:9-33
77        android:networkSecurityConfig="@xml/network_security_config"
77-->src\main\AndroidManifest.xml:46:9-69
78        android:roundIcon="@mipmap/ic_launcher_round"
78-->src\main\AndroidManifest.xml:42:9-54
79        android:supportsRtl="true"
79-->src\main\AndroidManifest.xml:43:9-35
80        android:theme="@style/Theme.Cryptika"
80-->src\main\AndroidManifest.xml:44:9-46
81        android:usesCleartextTraffic="false" >
81-->src\main\AndroidManifest.xml:47:9-63
82        <activity
82-->src\main\AndroidManifest.xml:49:9-66:20
83            android:name="com.cryptika.messenger.MainActivity"
83-->src\main\AndroidManifest.xml:50:13-41
84            android:exported="true"
84-->src\main\AndroidManifest.xml:51:13-36
85            android:screenOrientation="portrait"
85-->src\main\AndroidManifest.xml:53:13-49
86            android:windowSoftInputMode="stateAlwaysHidden|adjustResize" >
86-->src\main\AndroidManifest.xml:52:13-73
87            <intent-filter>
87-->src\main\AndroidManifest.xml:54:13-57:29
88                <action android:name="android.intent.action.MAIN" />
88-->src\main\AndroidManifest.xml:55:17-68
88-->src\main\AndroidManifest.xml:55:25-66
89
90                <category android:name="android.intent.category.LAUNCHER" />
90-->src\main\AndroidManifest.xml:56:17-76
90-->src\main\AndroidManifest.xml:56:27-74
91            </intent-filter>
92
93            <!-- Deep link handler for QR codes -->
94            <intent-filter>
94-->src\main\AndroidManifest.xml:60:13-65:29
95                <action android:name="android.intent.action.VIEW" />
95-->src\main\AndroidManifest.xml:61:17-68
95-->src\main\AndroidManifest.xml:61:25-66
96
97                <category android:name="android.intent.category.DEFAULT" />
97-->src\main\AndroidManifest.xml:62:17-75
97-->src\main\AndroidManifest.xml:62:27-73
98                <category android:name="android.intent.category.BROWSABLE" />
98-->src\main\AndroidManifest.xml:63:17-77
98-->src\main\AndroidManifest.xml:63:27-75
99
100                <data
100-->src\main\AndroidManifest.xml:64:17-68
101                    android:host="id"
101-->src\main\AndroidManifest.xml:64:49-66
102                    android:scheme="cryptika" />
102-->src\main\AndroidManifest.xml:64:23-48
103            </intent-filter>
104        </activity>
105
106        <!-- WorkManager Provider -->
107        <provider
108            android:name="androidx.startup.InitializationProvider"
108-->src\main\AndroidManifest.xml:70:13-67
109            android:authorities="com.cryptika.messenger.androidx-startup"
109-->src\main\AndroidManifest.xml:71:13-68
110            android:exported="false" >
110-->src\main\AndroidManifest.xml:72:13-37
111            <meta-data
111-->[androidx.emoji2:emoji2:1.3.0] AndroidManifest.xml:29:13-31:52
112                android:name="androidx.emoji2.text.EmojiCompatInitializer"
112-->[androidx.emoji2:emoji2:1.3.0] AndroidManifest.xml:30:17-75
113                android:value="androidx.startup" />
113-->[androidx.emoji2:emoji2:1.3.0] AndroidManifest.xml:31:17-49
114            <meta-data
114-->[androidx.lifecycle:lifecycle-process:2.7.0] AndroidManifest.xml:29:13-31:52
115                android:name="androidx.lifecycle.ProcessLifecycleInitializer"
115-->[androidx.lifecycle:lifecycle-process:2.7.0] AndroidManifest.xml:30:17-78
116                android:value="androidx.startup" />
116-->[androidx.lifecycle:lifecycle-process:2.7.0] AndroidManifest.xml:31:17-49
117            <meta-data
117-->[androidx.profileinstaller:profileinstaller:1.3.0] AndroidManifest.xml:29:13-31:52
118                android:name="androidx.profileinstaller.ProfileInstallerInitializer"
118-->[androidx.profileinstaller:profileinstaller:1.3.0] AndroidManifest.xml:30:17-85
119                android:value="androidx.startup" />
119-->[androidx.profileinstaller:profileinstaller:1.3.0] AndroidManifest.xml:31:17-49
120        </provider>
121
122        <!--
123             Foreground service: holds process alive so BackgroundConnectionManager
124             can maintain WebSocket relay connections while app is backgrounded
125        -->
126        <service
126-->src\main\AndroidManifest.xml:82:9-85:39
127            android:name="com.cryptika.messenger.data.remote.ConnectionForegroundService"
127-->src\main\AndroidManifest.xml:83:13-68
128            android:exported="false"
128-->src\main\AndroidManifest.xml:85:13-37
129            android:foregroundServiceType="remoteMessaging" />
129-->src\main\AndroidManifest.xml:84:13-60
130
131        <!--
132             Foreground service: keeps AudioRecord/AudioTrack alive during an active call
133             when the app is backgrounded (microphone type required on API 29+)
134        -->
135        <service
135-->src\main\AndroidManifest.xml:89:9-92:39
136            android:name="com.cryptika.messenger.data.remote.CallForegroundService"
136-->src\main\AndroidManifest.xml:90:13-62
137            android:exported="false"
137-->src\main\AndroidManifest.xml:92:13-37
138            android:foregroundServiceType="microphone" />
138-->src\main\AndroidManifest.xml:91:13-55
139
140        <!--
141        Service for holding metadata. Cannot be instantiated.
142        Metadata will be merged from other manifests.
143        -->
144        <service
144-->[androidx.camera:camera-core:1.3.1] AndroidManifest.xml:29:9-33:78
145            android:name="androidx.camera.core.impl.MetadataHolderService"
145-->[androidx.camera:camera-core:1.3.1] AndroidManifest.xml:30:13-75
146            android:enabled="false"
146-->[androidx.camera:camera-core:1.3.1] AndroidManifest.xml:31:13-36
147            android:exported="false" >
147-->[androidx.camera:camera-core:1.3.1] AndroidManifest.xml:32:13-37
148            <meta-data
148-->[androidx.camera:camera-camera2:1.3.1] AndroidManifest.xml:30:13-32:89
149                android:name="androidx.camera.core.impl.MetadataHolderService.DEFAULT_CONFIG_PROVIDER"
149-->[androidx.camera:camera-camera2:1.3.1] AndroidManifest.xml:31:17-103
150                android:value="androidx.camera.camera2.Camera2Config$DefaultProvider" />
150-->[androidx.camera:camera-camera2:1.3.1] AndroidManifest.xml:32:17-86
151        </service>
152        <service
152-->[androidx.work:work-runtime:2.9.0] AndroidManifest.xml:39:9-45:35
153            android:name="androidx.work.impl.background.systemalarm.SystemAlarmService"
153-->[androidx.work:work-runtime:2.9.0] AndroidManifest.xml:40:13-88
154            android:directBootAware="false"
154-->[androidx.work:work-runtime:2.9.0] AndroidManifest.xml:41:13-44
155            android:enabled="@bool/enable_system_alarm_service_default"
155-->[androidx.work:work-runtime:2.9.0] AndroidManifest.xml:42:13-72
156            android:exported="false" />
156-->[androidx.work:work-runtime:2.9.0] AndroidManifest.xml:43:13-37
157        <service
157-->[androidx.work:work-runtime:2.9.0] AndroidManifest.xml:46:9-52:35
158            android:name="androidx.work.impl.background.systemjob.SystemJobService"
158-->[androidx.work:work-runtime:2.9.0] AndroidManifest.xml:47:13-84
159            android:directBootAware="false"
159-->[androidx.work:work-runtime:2.9.0] AndroidManifest.xml:48:13-44
160            android:enabled="@bool/enable_system_job_service_default"
160-->[androidx.work:work-runtime:2.9.0] AndroidManifest.xml:49:13-70
161            android:exported="true"
161-->[androidx.work:work-runtime:2.9.0] AndroidManifest.xml:50:13-36
162            android:permission="android.permission.BIND_JOB_SERVICE" />
162-->[androidx.work:work-runtime:2.9.0] AndroidManifest.xml:51:13-69
163        <service
163-->[androidx.work:work-runtime:2.9.0] AndroidManifest.xml:53:9-59:35
164            android:name="androidx.work.impl.foreground.SystemForegroundService"
164-->[androidx.work:work-runtime:2.9.0] AndroidManifest.xml:54:13-81
165            android:directBootAware="false"
165-->[androidx.work:work-runtime:2.9.0] AndroidManifest.xml:55:13-44
166            android:enabled="@bool/enable_system_foreground_service_default"
166-->[androidx.work:work-runtime:2.9.0] AndroidManifest.xml:56:13-77
167            android:exported="false" />
167-->[androidx.work:work-runtime:2.9.0] AndroidManifest.xml:57:13-37
168
169        <receiver
169-->[androidx.work:work-runtime:2.9.0] AndroidManifest.xml:61:9-66:35
170            android:name="androidx.work.impl.utils.ForceStopRunnable$BroadcastReceiver"
170-->[androidx.work:work-runtime:2.9.0] AndroidManifest.xml:62:13-88
171            android:directBootAware="false"
171-->[androidx.work:work-runtime:2.9.0] AndroidManifest.xml:63:13-44
172            android:enabled="true"
172-->[androidx.work:work-runtime:2.9.0] AndroidManifest.xml:64:13-35
173            android:exported="false" />
173-->[androidx.work:work-runtime:2.9.0] AndroidManifest.xml:65:13-37
174        <receiver
174-->[androidx.work:work-runtime:2.9.0] AndroidManifest.xml:67:9-77:20
175            android:name="androidx.work.impl.background.systemalarm.ConstraintProxy$BatteryChargingProxy"
175-->[androidx.work:work-runtime:2.9.0] AndroidManifest.xml:68:13-106
176            android:directBootAware="false"
176-->[androidx.work:work-runtime:2.9.0] AndroidManifest.xml:69:13-44
177            android:enabled="false"
177-->[androidx.work:work-runtime:2.9.0] AndroidManifest.xml:70:13-36
178            android:exported="false" >
178-->[androidx.work:work-runtime:2.9.0] AndroidManifest.xml:71:13-37
179            <intent-filter>
179-->[androidx.work:work-runtime:2.9.0] AndroidManifest.xml:73:13-76:29
180                <action android:name="android.intent.action.ACTION_POWER_CONNECTED" />
180-->[androidx.work:work-runtime:2.9.0] AndroidManifest.xml:74:17-87
180-->[androidx.work:work-runtime:2.9.0] AndroidManifest.xml:74:25-84
181                <action android:name="android.intent.action.ACTION_POWER_DISCONNECTED" />
181-->[androidx.work:work-runtime:2.9.0] AndroidManifest.xml:75:17-90
181-->[androidx.work:work-runtime:2.9.0] AndroidManifest.xml:75:25-87
182            </intent-filter>
183        </receiver>
184        <receiver
184-->[androidx.work:work-runtime:2.9.0] AndroidManifest.xml:78:9-88:20
185            android:name="androidx.work.impl.background.systemalarm.ConstraintProxy$BatteryNotLowProxy"
185-->[androidx.work:work-runtime:2.9.0] AndroidManifest.xml:79:13-104
186            android:directBootAware="false"
186-->[androidx.work:work-runtime:2.9.0] AndroidManifest.xml:80:13-44
187            android:enabled="false"
187-->[androidx.work:work-runtime:2.9.0] AndroidManifest.xml:81:13-36
188            android:exported="false" >
188-->[androidx.work:work-runtime:2.9.0] AndroidManifest.xml:82:13-37
189            <intent-filter>
189-->[androidx.work:work-runtime:2.9.0] AndroidManifest.xml:84:13-87:29
190                <action android:name="android.intent.action.BATTERY_OKAY" />
190-->[androidx.work:work-runtime:2.9.0] AndroidManifest.xml:85:17-77
190-->[androidx.work:work-runtime:2.9.0] AndroidManifest.xml:85:25-74
191                <action android:name="android.intent.action.BATTERY_LOW" />
191-->[androidx.work:work-runtime:2.9.0] AndroidManifest.xml:86:17-76
191-->[androidx.work:work-runtime:2.9.0] AndroidManifest.xml:86:25-73
192            </intent-filter>
193        </receiver>
194        <receiver
194-->[androidx.work:work-runtime:2.9.0] AndroidManifest.xml:89:9-99:20
195            android:name="androidx.work.impl.background.systemalarm.ConstraintProxy$StorageNotLowProxy"
195-->[androidx.work:work-runtime:2.9.0] AndroidManifest.xml:90:13-104
196            android:directBootAware="false"
196-->[androidx.work:work-runtime:2.9.0] AndroidManifest.xml:91:13-44
197            android:enabled="false"
197-->[androidx.work:work-runtime:2.9.0] AndroidManifest.xml:92:13-36
198            android:exported="false" >
198-->[androidx.work:work-runtime:2.9.0] AndroidManifest.xml:93:13-37
199            <intent-filter>
199-->[androidx.work:work-runtime:2.9.0] AndroidManifest.xml:95:13-98:29
200                <action android:name="android.intent.action.DEVICE_STORAGE_LOW" />
200-->[androidx.work:work-runtime:2.9.0] AndroidManifest.xml:96:17-83
200-->[androidx.work:work-runtime:2.9.0] AndroidManifest.xml:96:25-80
201                <action android:name="android.intent.action.DEVICE_STORAGE_OK" />
201-->[androidx.work:work-runtime:2.9.0] AndroidManifest.xml:97:17-82
201-->[androidx.work:work-runtime:2.9.0] AndroidManifest.xml:97:25-79
202            </intent-filter>
203        </receiver>
204        <receiver
204-->[androidx.work:work-runtime:2.9.0] AndroidManifest.xml:100:9-109:20
205            android:name="androidx.work.impl.background.systemalarm.ConstraintProxy$NetworkStateProxy"
205-->[androidx.work:work-runtime:2.9.0] AndroidManifest.xml:101:13-103
206            android:directBootAware="false"
206-->[androidx.work:work-runtime:2.9.0] AndroidManifest.xml:102:13-44
207            android:enabled="false"
207-->[androidx.work:work-runtime:2.9.0] AndroidManifest.xml:103:13-36
208            android:exported="false" >
208-->[androidx.work:work-runtime:2.9.0] AndroidManifest.xml:104:13-37
209            <intent-filter>
209-->[androidx.work:work-runtime:2.9.0] AndroidManifest.xml:106:13-108:29
210                <action android:name="android.net.conn.CONNECTIVITY_CHANGE" />
210-->[androidx.work:work-runtime:2.9.0] AndroidManifest.xml:107:17-79
210-->[androidx.work:work-runtime:2.9.0] AndroidManifest.xml:107:25-76
211            </intent-filter>
212        </receiver>
213        <receiver
213-->[androidx.work:work-runtime:2.9.0] AndroidManifest.xml:110:9-121:20
214            android:name="androidx.work.impl.background.systemalarm.RescheduleReceiver"
214-->[androidx.work:work-runtime:2.9.0] AndroidManifest.xml:111:13-88
215            android:directBootAware="false"
215-->[androidx.work:work-runtime:2.9.0] AndroidManifest.xml:112:13-44
216            android:enabled="false"
216-->[androidx.work:work-runtime:2.9.0] AndroidManifest.xml:113:13-36
217            android:exported="false" >
217-->[androidx.work:work-runtime:2.9.0] AndroidManifest.xml:114:13-37
218            <intent-filter>
218-->[androidx.work:work-runtime:2.9.0] AndroidManifest.xml:116:13-120:29
219                <action android:name="android.intent.action.BOOT_COMPLETED" />
219-->[androidx.work:work-runtime:2.9.0] AndroidManifest.xml:117:17-79
219-->[androidx.work:work-runtime:2.9.0] AndroidManifest.xml:117:25-76
220                <action android:name="android.intent.action.TIME_SET" />
220-->[androidx.work:work-runtime:2.9.0] AndroidManifest.xml:118:17-73
220-->[androidx.work:work-runtime:2.9.0] AndroidManifest.xml:118:25-70
221                <action android:name="android.intent.action.TIMEZONE_CHANGED" />
221-->[androidx.work:work-runtime:2.9.0] AndroidManifest.xml:119:17-81
221-->[androidx.work:work-runtime:2.9.0] AndroidManifest.xml:119:25-78
222            </intent-filter>
223        </receiver>
224        <receiver
224-->[androidx.work:work-runtime:2.9.0] AndroidManifest.xml:122:9-131:20
225            android:name="androidx.work.impl.background.systemalarm.ConstraintProxyUpdateReceiver"
225-->[androidx.work:work-runtime:2.9.0] AndroidManifest.xml:123:13-99
226            android:directBootAware="false"
226-->[androidx.work:work-runtime:2.9.0] AndroidManifest.xml:124:13-44
227            android:enabled="@bool/enable_system_alarm_service_default"
227-->[androidx.work:work-runtime:2.9.0] AndroidManifest.xml:125:13-72
228            android:exported="false" >
228-->[androidx.work:work-runtime:2.9.0] AndroidManifest.xml:126:13-37
229            <intent-filter>
229-->[androidx.work:work-runtime:2.9.0] AndroidManifest.xml:128:13-130:29
230                <action android:name="androidx.work.impl.background.systemalarm.UpdateProxies" />
230-->[androidx.work:work-runtime:2.9.0] AndroidManifest.xml:129:17-98
230-->[androidx.work:work-runtime:2.9.0] AndroidManifest.xml:129:25-95
231            </intent-filter>
232        </receiver>
233        <receiver
233-->[androidx.work:work-runtime:2.9.0] AndroidManifest.xml:132:9-142:20
234            android:name="androidx.work.impl.diagnostics.DiagnosticsReceiver"
234-->[androidx.work:work-runtime:2.9.0] AndroidManifest.xml:133:13-78
235            android:directBootAware="false"
235-->[androidx.work:work-runtime:2.9.0] AndroidManifest.xml:134:13-44
236            android:enabled="true"
236-->[androidx.work:work-runtime:2.9.0] AndroidManifest.xml:135:13-35
237            android:exported="true"
237-->[androidx.work:work-runtime:2.9.0] AndroidManifest.xml:136:13-36
238            android:permission="android.permission.DUMP" >
238-->[androidx.work:work-runtime:2.9.0] AndroidManifest.xml:137:13-57
239            <intent-filter>
239-->[androidx.work:work-runtime:2.9.0] AndroidManifest.xml:139:13-141:29
240                <action android:name="androidx.work.diagnostics.REQUEST_DIAGNOSTICS" />
240-->[androidx.work:work-runtime:2.9.0] AndroidManifest.xml:140:17-88
240-->[androidx.work:work-runtime:2.9.0] AndroidManifest.xml:140:25-85
241            </intent-filter>
242        </receiver>
243
244        <service
244-->[androidx.room:room-runtime:2.6.1] AndroidManifest.xml:24:9-28:63
245            android:name="androidx.room.MultiInstanceInvalidationService"
245-->[androidx.room:room-runtime:2.6.1] AndroidManifest.xml:25:13-74
246            android:directBootAware="true"
246-->[androidx.room:room-runtime:2.6.1] AndroidManifest.xml:26:13-43
247            android:exported="false" />
247-->[androidx.room:room-runtime:2.6.1] AndroidManifest.xml:27:13-37
248
249        <receiver
249-->[androidx.profileinstaller:profileinstaller:1.3.0] AndroidManifest.xml:34:9-52:20
250            android:name="androidx.profileinstaller.ProfileInstallReceiver"
250-->[androidx.profileinstaller:profileinstaller:1.3.0] AndroidManifest.xml:35:13-76
251            android:directBootAware="false"
251-->[androidx.profileinstaller:profileinstaller:1.3.0] AndroidManifest.xml:36:13-44
252            android:enabled="true"
252-->[androidx.profileinstaller:profileinstaller:1.3.0] AndroidManifest.xml:37:13-35
253            android:exported="true"
253-->[androidx.profileinstaller:profileinstaller:1.3.0] AndroidManifest.xml:38:13-36
254            android:permission="android.permission.DUMP" >
254-->[androidx.profileinstaller:profileinstaller:1.3.0] AndroidManifest.xml:39:13-57
255            <intent-filter>
255-->[androidx.profileinstaller:profileinstaller:1.3.0] AndroidManifest.xml:40:13-42:29
256                <action android:name="androidx.profileinstaller.action.INSTALL_PROFILE" />
256-->[androidx.profileinstaller:profileinstaller:1.3.0] AndroidManifest.xml:41:17-91
256-->[androidx.profileinstaller:profileinstaller:1.3.0] AndroidManifest.xml:41:25-88
257            </intent-filter>
258            <intent-filter>
258-->[androidx.profileinstaller:profileinstaller:1.3.0] AndroidManifest.xml:43:13-45:29
259                <action android:name="androidx.profileinstaller.action.SKIP_FILE" />
259-->[androidx.profileinstaller:profileinstaller:1.3.0] AndroidManifest.xml:44:17-85
259-->[androidx.profileinstaller:profileinstaller:1.3.0] AndroidManifest.xml:44:25-82
260            </intent-filter>
261            <intent-filter>
261-->[androidx.profileinstaller:profileinstaller:1.3.0] AndroidManifest.xml:46:13-48:29
262                <action android:name="androidx.profileinstaller.action.SAVE_PROFILE" />
262-->[androidx.profileinstaller:profileinstaller:1.3.0] AndroidManifest.xml:47:17-88
262-->[androidx.profileinstaller:profileinstaller:1.3.0] AndroidManifest.xml:47:25-85
263            </intent-filter>
264            <intent-filter>
264-->[androidx.profileinstaller:profileinstaller:1.3.0] AndroidManifest.xml:49:13-51:29
265                <action android:name="androidx.profileinstaller.action.BENCHMARK_OPERATION" />
265-->[androidx.profileinstaller:profileinstaller:1.3.0] AndroidManifest.xml:50:17-95
265-->[androidx.profileinstaller:profileinstaller:1.3.0] AndroidManifest.xml:50:25-92
266            </intent-filter>
267        </receiver>
268
269        <activity
269-->[com.journeyapps:zxing-android-embedded:4.3.0] AndroidManifest.xml:47:9-53:63
270            android:name="com.journeyapps.barcodescanner.CaptureActivity"
270-->[com.journeyapps:zxing-android-embedded:4.3.0] AndroidManifest.xml:48:13-74
271            android:clearTaskOnLaunch="true"
271-->[com.journeyapps:zxing-android-embedded:4.3.0] AndroidManifest.xml:49:13-45
272            android:screenOrientation="sensorLandscape"
272-->[com.journeyapps:zxing-android-embedded:4.3.0] AndroidManifest.xml:50:13-56
273            android:stateNotNeeded="true"
273-->[com.journeyapps:zxing-android-embedded:4.3.0] AndroidManifest.xml:51:13-42
274            android:theme="@style/zxing_CaptureTheme"
274-->[com.journeyapps:zxing-android-embedded:4.3.0] AndroidManifest.xml:52:13-54
275            android:windowSoftInputMode="stateAlwaysHidden" />
275-->[com.journeyapps:zxing-android-embedded:4.3.0] AndroidManifest.xml:53:13-60
276    </application>
277
278</manifest>